{"level":"info","message":"Started up Decision Maker Server on port 3000!","timestamp":"2017-07-03T05:39:06.376Z"}
{"level":"info","message":"Received request with latitude = 40.7128, longitude = -74.0059, price = 1,2,3,4, radius = 500","timestamp":"2017-07-03T05:40:13.346Z"}
{"level":"info","message":"Received request for ''food''","timestamp":"2017-07-03T05:40:13.347Z"}
{"level":"info","message":"Making request 1 to https://api.foursquare.com/v2/venues/explore?ll=40.7128,-74.0059&intent=browse&price=1,2,3,4&radius=500&query=food&client_id=KSSXQD155NJQGZFD3WQ5SRVZIQUBH3FMMCN0PWYMQW1QGUNI&client_secret=OSAT4UI0C0Z3CPJ1BIGSCOHODNPFJRGU31ZO4RQR3DLYUHGF&v=20170101","timestamp":"2017-07-03T05:40:13.348Z"}
{"level":"info","message":"Making request 2 to https://api.foursquare.com/v2/venues/explore?ll=40.7128,-74.0059&intent=browse&price=1,2,3,4&radius=500&query=restaurant&client_id=KSSXQD155NJQGZFD3WQ5SRVZIQUBH3FMMCN0PWYMQW1QGUNI&client_secret=OSAT4UI0C0Z3CPJ1BIGSCOHODNPFJRGU31ZO4RQR3DLYUHGF&v=20170101","timestamp":"2017-07-03T05:40:13.835Z"}
{"level":"info","message":"Retrieved 30 from response1.","timestamp":"2017-07-03T05:40:14.216Z"}
{"level":"info","message":"Retrieved 30 from response2.","timestamp":"2017-07-03T05:40:14.220Z"}
{"level":"info","message":"Retrieved 60 venues for request.","timestamp":"2017-07-03T05:40:14.220Z"}
{"level":"info","message":"Received request with latitude = 40.7128, longitude = -74.0059, price = 1,2,3,4, radius = 500","timestamp":"2017-07-03T05:44:06.389Z"}
{"level":"info","message":"Received request for ''cafe''","timestamp":"2017-07-03T05:44:06.389Z"}
{"level":"info","message":"Making request 1 to https://api.foursquare.com/v2/venues/explore?ll=40.7128,-74.0059&intent=browse&price=1,2,3,4&radius=500&query=coffee&client_id=KSSXQD155NJQGZFD3WQ5SRVZIQUBH3FMMCN0PWYMQW1QGUNI&client_secret=OSAT4UI0C0Z3CPJ1BIGSCOHODNPFJRGU31ZO4RQR3DLYUHGF&v=20170101","timestamp":"2017-07-03T05:44:06.389Z"}
{"level":"info","message":"Making request 2 to https://api.foursquare.com/v2/venues/explore?ll=40.7128,-74.0059&intent=browse&price=1,2,3,4&radius=500&query=tea&client_id=KSSXQD155NJQGZFD3WQ5SRVZIQUBH3FMMCN0PWYMQW1QGUNI&client_secret=OSAT4UI0C0Z3CPJ1BIGSCOHODNPFJRGU31ZO4RQR3DLYUHGF&v=20170101","timestamp":"2017-07-03T05:44:06.728Z"}
{"level":"info","message":"Retrieved 27 from response1.","timestamp":"2017-07-03T05:44:07.073Z"}
{"level":"info","message":"Retrieved 27 from response2.","timestamp":"2017-07-03T05:44:07.075Z"}
{"level":"info","message":"Retrieved 54 venues for request.","timestamp":"2017-07-03T05:44:07.075Z"}
{"level":"info","message":"Received request with latitude = 40.7128, longitude = -74.0059, price = 1,2,3,4, radius = 500","timestamp":"2017-07-03T05:46:13.239Z"}
{"level":"info","message":"Received request for ''cafe''","timestamp":"2017-07-03T05:46:13.240Z"}
{"level":"info","message":"Making request 1 to https://api.foursquare.com/v2/venues/explore?ll=40.7128,-74.0059&intent=browse&price=1,2,3,4&radius=500&query=coffee&client_id=KSSXQD155NJQGZFD3WQ5SRVZIQUBH3FMMCN0PWYMQW1QGUNI&client_secret=OSAT4UI0C0Z3CPJ1BIGSCOHODNPFJRGU31ZO4RQR3DLYUHGF&v=20170101","timestamp":"2017-07-03T05:46:13.241Z"}
{"level":"info","message":"Making request 2 to https://api.foursquare.com/v2/venues/explore?ll=40.7128,-74.0059&intent=browse&price=1,2,3,4&radius=500&query=tea&client_id=KSSXQD155NJQGZFD3WQ5SRVZIQUBH3FMMCN0PWYMQW1QGUNI&client_secret=OSAT4UI0C0Z3CPJ1BIGSCOHODNPFJRGU31ZO4RQR3DLYUHGF&v=20170101","timestamp":"2017-07-03T05:46:13.885Z"}
{"level":"info","message":"Retrieved 27 from response1.","timestamp":"2017-07-03T05:46:14.230Z"}
{"level":"info","message":"Retrieved 27 from response2.","timestamp":"2017-07-03T05:46:14.235Z"}
{"level":"info","message":"Retrieved 54 venues for request.","timestamp":"2017-07-03T05:46:14.236Z"}
{"level":"info","message":"Received request with latitude = 40.7128, longitude = -74.0059, price = 1,2,3,4, radius = 500","timestamp":"2017-07-03T05:46:37.862Z"}
{"level":"info","message":"Received request for ''food''","timestamp":"2017-07-03T05:46:37.862Z"}
{"level":"info","message":"Making request 1 to https://api.foursquare.com/v2/venues/explore?ll=40.7128,-74.0059&intent=browse&price=1,2,3,4&radius=500&query=food&client_id=KSSXQD155NJQGZFD3WQ5SRVZIQUBH3FMMCN0PWYMQW1QGUNI&client_secret=OSAT4UI0C0Z3CPJ1BIGSCOHODNPFJRGU31ZO4RQR3DLYUHGF&v=20170101","timestamp":"2017-07-03T05:46:37.866Z"}
{"level":"info","message":"Making request 2 to https://api.foursquare.com/v2/venues/explore?ll=40.7128,-74.0059&intent=browse&price=1,2,3,4&radius=500&query=restaurant&client_id=KSSXQD155NJQGZFD3WQ5SRVZIQUBH3FMMCN0PWYMQW1QGUNI&client_secret=OSAT4UI0C0Z3CPJ1BIGSCOHODNPFJRGU31ZO4RQR3DLYUHGF&v=20170101","timestamp":"2017-07-03T05:46:38.633Z"}
{"level":"info","message":"Retrieved 30 from response1.","timestamp":"2017-07-03T05:46:39.156Z"}
{"level":"info","message":"Retrieved 30 from response2.","timestamp":"2017-07-03T05:46:39.159Z"}
{"level":"info","message":"Retrieved 60 venues for request.","timestamp":"2017-07-03T05:46:39.159Z"}
{"level":"info","message":"Started up Decision Maker Server on port 3000!","timestamp":"2017-07-03T05:47:59.734Z"}
{"level":"info","message":"Received request with latitude = 40.7128, longitude = -74.0059, price = 1,2,3,4, radius = 500","timestamp":"2017-07-03T05:48:04.583Z"}
{"level":"info","message":"Received request for ''food''","timestamp":"2017-07-03T05:48:04.583Z"}
{"level":"info","message":"Making request 1 to https://api.foursquare.com/v2/venues/explore?ll=40.7128,-74.0059&intent=browse&price=1,2,3,4&radius=500&query=food&client_id=KSSXQD155NJQGZFD3WQ5SRVZIQUBH3FMMCN0PWYMQW1QGUNI&client_secret=OSAT4UI0C0Z3CPJ1BIGSCOHODNPFJRGU31ZO4RQR3DLYUHGF&v=20170101","timestamp":"2017-07-03T05:48:04.584Z"}
{"level":"info","message":"Making request 2 to https://api.foursquare.com/v2/venues/explore?ll=40.7128,-74.0059&intent=browse&price=1,2,3,4&radius=500&query=restaurant&client_id=KSSXQD155NJQGZFD3WQ5SRVZIQUBH3FMMCN0PWYMQW1QGUNI&client_secret=OSAT4UI0C0Z3CPJ1BIGSCOHODNPFJRGU31ZO4RQR3DLYUHGF&v=20170101","timestamp":"2017-07-03T05:48:05.288Z"}
{"level":"info","message":"Retrieved 30 from response1.","timestamp":"2017-07-03T05:48:05.671Z"}
{"level":"info","message":"Retrieved 30 from response2.","timestamp":"2017-07-03T05:48:05.674Z"}
{"level":"info","message":"Retrieved 60 venues for request.","timestamp":"2017-07-03T05:48:05.675Z"}
{"level":"info","message":"Received request with latitude = 40.7128, longitude = -74.0059, price = 1,2,3,4, radius = 500","timestamp":"2017-07-03T05:48:41.054Z"}
{"level":"info","message":"Received request for ''food''","timestamp":"2017-07-03T05:48:41.055Z"}
{"level":"info","message":"Making request 1 to https://api.foursquare.com/v2/venues/explore?ll=40.7128,-74.0059&intent=browse&price=1,2,3,4&radius=500&query=food&client_id=KSSXQD155NJQGZFD3WQ5SRVZIQUBH3FMMCN0PWYMQW1QGUNI&client_secret=OSAT4UI0C0Z3CPJ1BIGSCOHODNPFJRGU31ZO4RQR3DLYUHGF&v=20170101","timestamp":"2017-07-03T05:48:41.055Z"}
{"level":"info","message":"Making request 2 to https://api.foursquare.com/v2/venues/explore?ll=40.7128,-74.0059&intent=browse&price=1,2,3,4&radius=500&query=restaurant&client_id=KSSXQD155NJQGZFD3WQ5SRVZIQUBH3FMMCN0PWYMQW1QGUNI&client_secret=OSAT4UI0C0Z3CPJ1BIGSCOHODNPFJRGU31ZO4RQR3DLYUHGF&v=20170101","timestamp":"2017-07-03T05:48:41.523Z"}
{"level":"info","message":"Retrieved 30 from response1.","timestamp":"2017-07-03T05:48:42.131Z"}
{"level":"info","message":"Retrieved 30 from response2.","timestamp":"2017-07-03T05:48:42.135Z"}
{"level":"info","message":"Retrieved 60 venues for request.","timestamp":"2017-07-03T05:48:42.135Z"}
{"level":"info","message":"Received request with latitude = 40.7128, longitude = -74.0059, price = 1,2,3,4, radius = 500","timestamp":"2017-07-03T05:48:46.816Z"}
{"level":"info","message":"Received request for ''food''","timestamp":"2017-07-03T05:48:46.817Z"}
{"level":"info","message":"Making request 1 to https://api.foursquare.com/v2/venues/explore?ll=40.7128,-74.0059&intent=browse&price=1,2,3,4&radius=500&query=food&client_id=KSSXQD155NJQGZFD3WQ5SRVZIQUBH3FMMCN0PWYMQW1QGUNI&client_secret=OSAT4UI0C0Z3CPJ1BIGSCOHODNPFJRGU31ZO4RQR3DLYUHGF&v=20170101","timestamp":"2017-07-03T05:48:46.817Z"}
{"level":"info","message":"Making request 2 to https://api.foursquare.com/v2/venues/explore?ll=40.7128,-74.0059&intent=browse&price=1,2,3,4&radius=500&query=restaurant&client_id=KSSXQD155NJQGZFD3WQ5SRVZIQUBH3FMMCN0PWYMQW1QGUNI&client_secret=OSAT4UI0C0Z3CPJ1BIGSCOHODNPFJRGU31ZO4RQR3DLYUHGF&v=20170101","timestamp":"2017-07-03T05:48:47.472Z"}
{"level":"info","message":"Retrieved 30 from response1.","timestamp":"2017-07-03T05:48:48.086Z"}
{"level":"info","message":"Retrieved 30 from response2.","timestamp":"2017-07-03T05:48:48.089Z"}
{"level":"info","message":"Retrieved 60 venues for request.","timestamp":"2017-07-03T05:48:48.090Z"}
{"level":"info","message":"Received request with latitude = 40.7128, longitude = -74.0059, price = 1,2,3,4, radius = 500","timestamp":"2017-07-03T05:48:58.613Z"}
{"level":"info","message":"Received request for ''food''","timestamp":"2017-07-03T05:48:58.614Z"}
{"level":"info","message":"Making request 1 to https://api.foursquare.com/v2/venues/explore?ll=40.7128,-74.0059&intent=browse&price=1,2,3,4&radius=500&query=food&client_id=KSSXQD155NJQGZFD3WQ5SRVZIQUBH3FMMCN0PWYMQW1QGUNI&client_secret=OSAT4UI0C0Z3CPJ1BIGSCOHODNPFJRGU31ZO4RQR3DLYUHGF&v=20170101","timestamp":"2017-07-03T05:48:58.615Z"}
{"level":"info","message":"Making request 2 to https://api.foursquare.com/v2/venues/explore?ll=40.7128,-74.0059&intent=browse&price=1,2,3,4&radius=500&query=restaurant&client_id=KSSXQD155NJQGZFD3WQ5SRVZIQUBH3FMMCN0PWYMQW1QGUNI&client_secret=OSAT4UI0C0Z3CPJ1BIGSCOHODNPFJRGU31ZO4RQR3DLYUHGF&v=20170101","timestamp":"2017-07-03T05:48:59.156Z"}
{"level":"info","message":"Retrieved 30 from response1.","timestamp":"2017-07-03T05:48:59.785Z"}
{"level":"info","message":"Retrieved 30 from response2.","timestamp":"2017-07-03T05:48:59.787Z"}
{"level":"info","message":"Retrieved 60 venues for request.","timestamp":"2017-07-03T05:48:59.788Z"}
{"level":"info","message":"Received request with latitude = 40.7128, longitude = -74.0059, price = 1,2,3,4, radius = 500","timestamp":"2017-07-03T05:50:27.402Z"}
{"level":"info","message":"Received request for ''food''","timestamp":"2017-07-03T05:50:27.403Z"}
{"level":"info","message":"Making request 1 to https://api.foursquare.com/v2/venues/explore?ll=40.7128,-74.0059&intent=browse&price=1,2,3,4&radius=500&query=food&client_id=KSSXQD155NJQGZFD3WQ5SRVZIQUBH3FMMCN0PWYMQW1QGUNI&client_secret=OSAT4UI0C0Z3CPJ1BIGSCOHODNPFJRGU31ZO4RQR3DLYUHGF&v=20170101","timestamp":"2017-07-03T05:50:27.403Z"}
{"level":"info","message":"Making request 2 to https://api.foursquare.com/v2/venues/explore?ll=40.7128,-74.0059&intent=browse&price=1,2,3,4&radius=500&query=restaurant&client_id=KSSXQD155NJQGZFD3WQ5SRVZIQUBH3FMMCN0PWYMQW1QGUNI&client_secret=OSAT4UI0C0Z3CPJ1BIGSCOHODNPFJRGU31ZO4RQR3DLYUHGF&v=20170101","timestamp":"2017-07-03T05:50:28.069Z"}
{"level":"info","message":"Retrieved 30 from response1.","timestamp":"2017-07-03T05:50:28.655Z"}
{"level":"info","message":"Retrieved 30 from response2.","timestamp":"2017-07-03T05:50:28.665Z"}
{"level":"info","message":"Retrieved 60 venues for request.","timestamp":"2017-07-03T05:50:28.666Z"}
{"level":"info","message":"Received request with latitude = 40.7128, longitude = -74.0059, price = 1,2,3,4, radius = 500","timestamp":"2017-07-03T05:51:00.825Z"}
{"level":"info","message":"Received request for ''food''","timestamp":"2017-07-03T05:51:00.825Z"}
{"level":"info","message":"Making request 1 to https://api.foursquare.com/v2/venues/explore?ll=40.7128,-74.0059&intent=browse&price=1,2,3,4&radius=500&query=food&client_id=KSSXQD155NJQGZFD3WQ5SRVZIQUBH3FMMCN0PWYMQW1QGUNI&client_secret=OSAT4UI0C0Z3CPJ1BIGSCOHODNPFJRGU31ZO4RQR3DLYUHGF&v=20170101","timestamp":"2017-07-03T05:51:00.825Z"}
{"level":"info","message":"Making request 2 to https://api.foursquare.com/v2/venues/explore?ll=40.7128,-74.0059&intent=browse&price=1,2,3,4&radius=500&query=restaurant&client_id=KSSXQD155NJQGZFD3WQ5SRVZIQUBH3FMMCN0PWYMQW1QGUNI&client_secret=OSAT4UI0C0Z3CPJ1BIGSCOHODNPFJRGU31ZO4RQR3DLYUHGF&v=20170101","timestamp":"2017-07-03T05:51:01.403Z"}
{"level":"info","message":"Retrieved 30 from response1.","timestamp":"2017-07-03T05:51:02.036Z"}
{"level":"info","message":"Retrieved 30 from response2.","timestamp":"2017-07-03T05:51:02.041Z"}
{"level":"info","message":"Retrieved 60 venues for request.","timestamp":"2017-07-03T05:51:02.041Z"}
{"level":"info","message":"Received request with latitude = 40.7128, longitude = -74.0059, price = 1,2,3,4, radius = 500","timestamp":"2017-07-03T05:54:17.774Z"}
{"level":"info","message":"Received request for ''cafe''","timestamp":"2017-07-03T05:54:17.775Z"}
{"level":"info","message":"Making request 1 to https://api.foursquare.com/v2/venues/explore?ll=40.7128,-74.0059&intent=browse&price=1,2,3,4&radius=500&query=coffee&client_id=KSSXQD155NJQGZFD3WQ5SRVZIQUBH3FMMCN0PWYMQW1QGUNI&client_secret=OSAT4UI0C0Z3CPJ1BIGSCOHODNPFJRGU31ZO4RQR3DLYUHGF&v=20170101","timestamp":"2017-07-03T05:54:17.775Z"}
{"level":"info","message":"Making request 2 to https://api.foursquare.com/v2/venues/explore?ll=40.7128,-74.0059&intent=browse&price=1,2,3,4&radius=500&query=tea&client_id=KSSXQD155NJQGZFD3WQ5SRVZIQUBH3FMMCN0PWYMQW1QGUNI&client_secret=OSAT4UI0C0Z3CPJ1BIGSCOHODNPFJRGU31ZO4RQR3DLYUHGF&v=20170101","timestamp":"2017-07-03T05:54:18.064Z"}
{"level":"info","message":"Retrieved 27 from response1.","timestamp":"2017-07-03T05:54:18.407Z"}
{"level":"info","message":"Retrieved 27 from response2.","timestamp":"2017-07-03T05:54:18.411Z"}
{"level":"info","message":"Retrieved 54 venues for request.","timestamp":"2017-07-03T05:54:18.411Z"}
{"level":"info","message":"Received request with latitude = 40.7128, longitude = -74.0059, price = 1,2,3,4, radius = 500","timestamp":"2017-07-03T05:55:10.056Z"}
{"level":"info","message":"Received request for ''cafe''","timestamp":"2017-07-03T05:55:10.057Z"}
{"level":"info","message":"Making request 1 to https://api.foursquare.com/v2/venues/explore?ll=40.7128,-74.0059&intent=browse&price=1,2,3,4&radius=500&query=coffee&client_id=KSSXQD155NJQGZFD3WQ5SRVZIQUBH3FMMCN0PWYMQW1QGUNI&client_secret=OSAT4UI0C0Z3CPJ1BIGSCOHODNPFJRGU31ZO4RQR3DLYUHGF&v=20170101","timestamp":"2017-07-03T05:55:10.057Z"}
{"level":"info","message":"Making request 2 to https://api.foursquare.com/v2/venues/explore?ll=40.7128,-74.0059&intent=browse&price=1,2,3,4&radius=500&query=tea&client_id=KSSXQD155NJQGZFD3WQ5SRVZIQUBH3FMMCN0PWYMQW1QGUNI&client_secret=OSAT4UI0C0Z3CPJ1BIGSCOHODNPFJRGU31ZO4RQR3DLYUHGF&v=20170101","timestamp":"2017-07-03T05:55:10.333Z"}
{"level":"info","message":"Retrieved 27 from response1.","timestamp":"2017-07-03T05:55:10.861Z"}
{"level":"info","message":"Retrieved 27 from response2.","timestamp":"2017-07-03T05:55:10.866Z"}
{"level":"info","message":"Retrieved 54 venues for request.","timestamp":"2017-07-03T05:55:10.866Z"}
{"level":"info","message":"Received request with latitude = 40.7128, longitude = -74.0059, price = 1,2,3,4, radius = 500","timestamp":"2017-07-03T05:55:36.163Z"}
{"level":"info","message":"Received request for ''trending''","timestamp":"2017-07-03T05:55:36.163Z"}
{"level":"info","message":"Making request 1 to https://api.foursquare.com/v2/venues/explore?ll=40.7128,-74.0059&intent=browse&price=1,2,3,4&radius=500&section=trending&client_id=KSSXQD155NJQGZFD3WQ5SRVZIQUBH3FMMCN0PWYMQW1QGUNI&client_secret=OSAT4UI0C0Z3CPJ1BIGSCOHODNPFJRGU31ZO4RQR3DLYUHGF&v=20170101","timestamp":"2017-07-03T05:55:36.166Z"}
{"level":"info","message":"Retrieved 30 from response1.","timestamp":"2017-07-03T05:55:36.854Z"}
{"level":"info","message":"Retrieved 30 venues for request.","timestamp":"2017-07-03T05:55:36.854Z"}
{"level":"info","message":"Received request with latitude = 40.7128, longitude = -74.0059, price = 1,2,3,4, radius = 500","timestamp":"2017-07-03T05:56:21.951Z"}
{"level":"info","message":"Received request for ''food''","timestamp":"2017-07-03T05:56:21.952Z"}
{"level":"info","message":"Making request 1 to https://api.foursquare.com/v2/venues/explore?ll=40.7128,-74.0059&intent=browse&price=1,2,3,4&radius=500&query=food&client_id=KSSXQD155NJQGZFD3WQ5SRVZIQUBH3FMMCN0PWYMQW1QGUNI&client_secret=OSAT4UI0C0Z3CPJ1BIGSCOHODNPFJRGU31ZO4RQR3DLYUHGF&v=20170101","timestamp":"2017-07-03T05:56:21.952Z"}
{"level":"info","message":"Making request 2 to https://api.foursquare.com/v2/venues/explore?ll=40.7128,-74.0059&intent=browse&price=1,2,3,4&radius=500&query=restaurant&client_id=KSSXQD155NJQGZFD3WQ5SRVZIQUBH3FMMCN0PWYMQW1QGUNI&client_secret=OSAT4UI0C0Z3CPJ1BIGSCOHODNPFJRGU31ZO4RQR3DLYUHGF&v=20170101","timestamp":"2017-07-03T05:56:22.768Z"}
{"level":"info","message":"Retrieved 30 from response1.","timestamp":"2017-07-03T05:56:23.373Z"}
{"level":"info","message":"Retrieved 30 from response2.","timestamp":"2017-07-03T05:56:23.376Z"}
{"level":"info","message":"Retrieved 60 venues for request.","timestamp":"2017-07-03T05:56:23.376Z"}
{"level":"info","message":"Received request with latitude = 40.7128, longitude = -74.0059, price = 1,2,3,4, radius = 500","timestamp":"2017-07-03T05:57:10.906Z"}
{"level":"info","message":"Received request for ''drinks''","timestamp":"2017-07-03T05:57:10.906Z"}
{"level":"info","message":"Making request 1 to https://api.foursquare.com/v2/venues/explore?ll=40.7128,-74.0059&intent=browse&price=1,2,3,4&radius=500&query=bars&client_id=KSSXQD155NJQGZFD3WQ5SRVZIQUBH3FMMCN0PWYMQW1QGUNI&client_secret=OSAT4UI0C0Z3CPJ1BIGSCOHODNPFJRGU31ZO4RQR3DLYUHGF&v=20170101","timestamp":"2017-07-03T05:57:10.906Z"}
{"level":"info","message":"Making request 2 to https://api.foursquare.com/v2/venues/explore?ll=40.7128,-74.0059&intent=browse&price=1,2,3,4&radius=500&query=beer&client_id=KSSXQD155NJQGZFD3WQ5SRVZIQUBH3FMMCN0PWYMQW1QGUNI&client_secret=OSAT4UI0C0Z3CPJ1BIGSCOHODNPFJRGU31ZO4RQR3DLYUHGF&v=20170101","timestamp":"2017-07-03T05:57:11.491Z"}
{"level":"info","message":"Making request 3 to https://api.foursquare.com/v2/venues/explore?ll=40.7128,-74.0059&intent=browse&price=1,2,3,4&radius=500&query=wine&client_id=KSSXQD155NJQGZFD3WQ5SRVZIQUBH3FMMCN0PWYMQW1QGUNI&client_secret=OSAT4UI0C0Z3CPJ1BIGSCOHODNPFJRGU31ZO4RQR3DLYUHGF&v=20170101","timestamp":"2017-07-03T05:57:12.099Z"}
{"level":"info","message":"Retrieved 30 from response1.","timestamp":"2017-07-03T05:57:12.730Z"}
{"level":"info","message":"Retrieved 30 from response2.","timestamp":"2017-07-03T05:57:12.737Z"}
{"level":"info","message":"Retrieved 26 from response3.","timestamp":"2017-07-03T05:57:12.744Z"}
{"level":"info","message":"Retrieved 86 venues for request.","timestamp":"2017-07-03T05:57:12.744Z"}
{"level":"info","message":"Received request with latitude = 40.7128, longitude = -74.0059, price = 1,2,3,4, radius = 500","timestamp":"2017-07-03T06:02:49.242Z"}
{"level":"info","message":"Received request for ''cafe''","timestamp":"2017-07-03T06:02:49.243Z"}
{"level":"info","message":"Making request 1 to https://api.foursquare.com/v2/venues/explore?ll=40.7128,-74.0059&intent=browse&price=1,2,3,4&radius=500&query=coffee&client_id=KSSXQD155NJQGZFD3WQ5SRVZIQUBH3FMMCN0PWYMQW1QGUNI&client_secret=OSAT4UI0C0Z3CPJ1BIGSCOHODNPFJRGU31ZO4RQR3DLYUHGF&v=20170101","timestamp":"2017-07-03T06:02:49.243Z"}
{"level":"info","message":"Making request 2 to https://api.foursquare.com/v2/venues/explore?ll=40.7128,-74.0059&intent=browse&price=1,2,3,4&radius=500&query=tea&client_id=KSSXQD155NJQGZFD3WQ5SRVZIQUBH3FMMCN0PWYMQW1QGUNI&client_secret=OSAT4UI0C0Z3CPJ1BIGSCOHODNPFJRGU31ZO4RQR3DLYUHGF&v=20170101","timestamp":"2017-07-03T06:02:49.629Z"}
{"level":"info","message":"Retrieved 27 from response1.","timestamp":"2017-07-03T06:02:49.976Z"}
{"level":"info","message":"Retrieved 27 from response2.","timestamp":"2017-07-03T06:02:49.980Z"}
{"level":"info","message":"Retrieved 54 venues for request.","timestamp":"2017-07-03T06:02:49.980Z"}
{"level":"info","message":"Received request with latitude = 40.7128, longitude = -74.0059, price = 1,2,3,4, radius = 500","timestamp":"2017-07-03T06:03:18.025Z"}
{"level":"info","message":"Received request for ''cafe''","timestamp":"2017-07-03T06:03:18.027Z"}
{"level":"info","message":"Making request 1 to https://api.foursquare.com/v2/venues/explore?ll=40.7128,-74.0059&intent=browse&price=1,2,3,4&radius=500&query=coffee&client_id=KSSXQD155NJQGZFD3WQ5SRVZIQUBH3FMMCN0PWYMQW1QGUNI&client_secret=OSAT4UI0C0Z3CPJ1BIGSCOHODNPFJRGU31ZO4RQR3DLYUHGF&v=20170101","timestamp":"2017-07-03T06:03:18.030Z"}
{"level":"info","message":"Making request 2 to https://api.foursquare.com/v2/venues/explore?ll=40.7128,-74.0059&intent=browse&price=1,2,3,4&radius=500&query=tea&client_id=KSSXQD155NJQGZFD3WQ5SRVZIQUBH3FMMCN0PWYMQW1QGUNI&client_secret=OSAT4UI0C0Z3CPJ1BIGSCOHODNPFJRGU31ZO4RQR3DLYUHGF&v=20170101","timestamp":"2017-07-03T06:03:18.285Z"}
{"level":"info","message":"Retrieved 27 from response1.","timestamp":"2017-07-03T06:03:18.910Z"}
{"level":"info","message":"Retrieved 27 from response2.","timestamp":"2017-07-03T06:03:18.913Z"}
{"level":"info","message":"Retrieved 54 venues for request.","timestamp":"2017-07-03T06:03:18.913Z"}
{"level":"info","message":"Received request with latitude = 40.7128, longitude = -74.0059, price = 1,2,3,4, radius = 500","timestamp":"2017-07-03T06:03:46.220Z"}
{"level":"info","message":"Received request for ''cafe''","timestamp":"2017-07-03T06:03:46.220Z"}
{"level":"info","message":"Making request 1 to https://api.foursquare.com/v2/venues/explore?ll=40.7128,-74.0059&intent=browse&price=1,2,3,4&radius=500&query=coffee&client_id=KSSXQD155NJQGZFD3WQ5SRVZIQUBH3FMMCN0PWYMQW1QGUNI&client_secret=OSAT4UI0C0Z3CPJ1BIGSCOHODNPFJRGU31ZO4RQR3DLYUHGF&v=20170101","timestamp":"2017-07-03T06:03:46.220Z"}
{"level":"info","message":"Making request 2 to https://api.foursquare.com/v2/venues/explore?ll=40.7128,-74.0059&intent=browse&price=1,2,3,4&radius=500&query=tea&client_id=KSSXQD155NJQGZFD3WQ5SRVZIQUBH3FMMCN0PWYMQW1QGUNI&client_secret=OSAT4UI0C0Z3CPJ1BIGSCOHODNPFJRGU31ZO4RQR3DLYUHGF&v=20170101","timestamp":"2017-07-03T06:03:46.614Z"}
{"level":"info","message":"Retrieved 27 from response1.","timestamp":"2017-07-03T06:03:46.974Z"}
{"level":"info","message":"Retrieved 27 from response2.","timestamp":"2017-07-03T06:03:46.979Z"}
{"level":"info","message":"Retrieved 54 venues for request.","timestamp":"2017-07-03T06:03:46.980Z"}
{"level":"info","message":"Received request with latitude = 40.7128, longitude = -74.0059, price = 1,2,3,4, radius = 500","timestamp":"2017-07-03T06:03:46.988Z"}
{"level":"info","message":"Received request for ''cafe''","timestamp":"2017-07-03T06:03:46.988Z"}
{"level":"info","message":"Making request 1 to https://api.foursquare.com/v2/venues/explore?ll=40.7128,-74.0059&intent=browse&price=1,2,3,4&radius=500&query=coffee&client_id=KSSXQD155NJQGZFD3WQ5SRVZIQUBH3FMMCN0PWYMQW1QGUNI&client_secret=OSAT4UI0C0Z3CPJ1BIGSCOHODNPFJRGU31ZO4RQR3DLYUHGF&v=20170101","timestamp":"2017-07-03T06:03:46.989Z"}
{"level":"info","message":"Making request 2 to https://api.foursquare.com/v2/venues/explore?ll=40.7128,-74.0059&intent=browse&price=1,2,3,4&radius=500&query=tea&client_id=KSSXQD155NJQGZFD3WQ5SRVZIQUBH3FMMCN0PWYMQW1QGUNI&client_secret=OSAT4UI0C0Z3CPJ1BIGSCOHODNPFJRGU31ZO4RQR3DLYUHGF&v=20170101","timestamp":"2017-07-03T06:03:47.262Z"}
{"level":"info","message":"Retrieved 27 from response1.","timestamp":"2017-07-03T06:03:47.781Z"}
{"level":"info","message":"Retrieved 27 from response2.","timestamp":"2017-07-03T06:03:47.785Z"}
{"level":"info","message":"Retrieved 54 venues for request.","timestamp":"2017-07-03T06:03:47.785Z"}
